<?xml version="1.0" encoding="UTF-8"?>
<testng-results skipped="0" failed="2" ignored="3" total="5" passed="0">
  <reporter-output>
  </reporter-output>
  <suite name="AutomationTestSuite" duration-ms="46477" started-at="2020-08-25T15:47:47 IST" finished-at="2020-08-25T15:48:34 IST">
    <groups>
    </groups>
    <test name="ApiDemos Test1" duration-ms="46477" started-at="2020-08-25T15:47:47 IST" finished-at="2020-08-25T15:48:34 IST">
      <class name="com.pom.apidemos.testcases.Flow1Test">
        <test-method status="PASS" signature="beforeSuite()[pri:0, instance:com.pom.apidemos.testcases.Flow1Test@247d8ae]" name="beforeSuite" is-config="true" duration-ms="53" started-at="2020-08-25T15:47:47 IST" finished-at="2020-08-25T15:47:47 IST">
          <reporter-output>
          </reporter-output>
        </test-method> <!-- beforeSuite -->
        <test-method status="PASS" signature="beforeTest()[pri:0, instance:com.pom.apidemos.testcases.Flow1Test@247d8ae]" name="beforeTest" is-config="true" duration-ms="0" started-at="2020-08-25T15:47:47 IST" finished-at="2020-08-25T15:47:47 IST">
          <reporter-output>
          </reporter-output>
        </test-method> <!-- beforeTest -->
        <test-method status="PASS" signature="beforeClass()[pri:0, instance:com.pom.apidemos.testcases.Flow1Test@247d8ae]" name="beforeClass" is-config="true" duration-ms="100" started-at="2020-08-25T15:47:47 IST" finished-at="2020-08-25T15:47:47 IST">
          <reporter-output>
          </reporter-output>
        </test-method> <!-- beforeClass -->
        <test-method status="PASS" signature="beforeMethod()[pri:0, instance:com.pom.apidemos.testcases.Flow1Test@247d8ae]" name="beforeMethod" is-config="true" duration-ms="13378" started-at="2020-08-25T15:47:47 IST" finished-at="2020-08-25T15:48:01 IST">
          <reporter-output>
          </reporter-output>
        </test-method> <!-- beforeMethod -->
        <test-method status="FAIL" signature="flow1Test(org.testng.ITestContext)[pri:0, instance:com.pom.apidemos.testcases.Flow1Test@247d8ae]" name="flow1Test" duration-ms="11393" started-at="2020-08-25T15:48:01 IST" finished-at="2020-08-25T15:48:12 IST">
          <params>
            <param index="0">
              <value>
                <![CDATA[org.testng.TestRunner@62fad19]]>
              </value>
            </param>
          </params>
          <exception class="java.lang.AssertionError">
            <message>
              <![CDATA[The following asserts failed:
Drag and drop failed as Hidden circle not found expected [false] but found [true]]]>
            </message>
            <full-stacktrace>
              <![CDATA[java.lang.AssertionError: The following asserts failed:
Drag and drop failed as Hidden circle not found expected [false] but found [true]
at org.testng.asserts.SoftAssert.assertAll(SoftAssert.java:47)
at org.testng.asserts.SoftAssert.assertAll(SoftAssert.java:31)
at com.pom.apidemos.testcases.Flow1Test.flow1Test(Flow1Test.java:47)
at sun.reflect.NativeMethodAccessorImpl.invoke0(Native Method)
at sun.reflect.NativeMethodAccessorImpl.invoke(NativeMethodAccessorImpl.java:62)
at sun.reflect.DelegatingMethodAccessorImpl.invoke(DelegatingMethodAccessorImpl.java:43)
at java.lang.reflect.Method.invoke(Method.java:498)
at org.testng.internal.MethodInvocationHelper.invokeMethod(MethodInvocationHelper.java:134)
at org.testng.internal.TestInvoker.invokeMethod(TestInvoker.java:597)
at org.testng.internal.TestInvoker.invokeTestMethod(TestInvoker.java:173)
at org.testng.internal.MethodRunner.runInSequence(MethodRunner.java:46)
at org.testng.internal.TestInvoker$MethodInvocationAgent.invoke(TestInvoker.java:816)
at org.testng.internal.TestInvoker.invokeTestMethods(TestInvoker.java:146)
at org.testng.internal.TestMethodWorker.invokeTestMethods(TestMethodWorker.java:146)
at org.testng.internal.TestMethodWorker.run(TestMethodWorker.java:128)
at java.util.ArrayList.forEach(ArrayList.java:1257)
at org.testng.TestRunner.privateRun(TestRunner.java:766)
at org.testng.TestRunner.run(TestRunner.java:587)
at org.testng.SuiteRunner.runTest(SuiteRunner.java:384)
at org.testng.SuiteRunner.runSequentially(SuiteRunner.java:378)
at org.testng.SuiteRunner.privateRun(SuiteRunner.java:337)
at org.testng.SuiteRunner.run(SuiteRunner.java:286)
at org.testng.SuiteRunnerWorker.runSuite(SuiteRunnerWorker.java:53)
at org.testng.SuiteRunnerWorker.run(SuiteRunnerWorker.java:96)
at org.testng.TestNG.runSuitesSequentially(TestNG.java:1187)
at org.testng.TestNG.runSuitesLocally(TestNG.java:1109)
at org.testng.TestNG.runSuites(TestNG.java:1039)
at org.testng.TestNG.run(TestNG.java:1007)
at org.apache.maven.surefire.testng.TestNGExecutor.run(TestNGExecutor.java:284)
at org.apache.maven.surefire.testng.TestNGXmlTestSuite.execute(TestNGXmlTestSuite.java:75)
at org.apache.maven.surefire.testng.TestNGProvider.invoke(TestNGProvider.java:119)
at org.apache.maven.surefire.booter.ForkedBooter.runSuitesInProcess(ForkedBooter.java:428)
at org.apache.maven.surefire.booter.ForkedBooter.execute(ForkedBooter.java:162)
at org.apache.maven.surefire.booter.ForkedBooter.run(ForkedBooter.java:562)
at org.apache.maven.surefire.booter.ForkedBooter.main(ForkedBooter.java:548)
]]>
            </full-stacktrace>
          </exception> <!-- java.lang.AssertionError -->
          <reporter-output>
          </reporter-output>
        </test-method> <!-- flow1Test -->
        <test-method status="PASS" signature="afterMethod()[pri:0, instance:com.pom.apidemos.testcases.Flow1Test@247d8ae]" name="afterMethod" is-config="true" duration-ms="687" started-at="2020-08-25T15:48:13 IST" finished-at="2020-08-25T15:48:13 IST">
          <reporter-output>
          </reporter-output>
        </test-method> <!-- afterMethod -->
        <test-method status="PASS" signature="afterClass()[pri:0, instance:com.pom.apidemos.testcases.Flow1Test@247d8ae]" name="afterClass" is-config="true" duration-ms="373" started-at="2020-08-25T15:48:13 IST" finished-at="2020-08-25T15:48:14 IST">
          <reporter-output>
          </reporter-output>
        </test-method> <!-- afterClass -->
        <test-method status="PASS" signature="afterSuite()[pri:0, instance:com.pom.apidemos.testcases.Flow1Test@247d8ae]" name="afterSuite" is-config="true" duration-ms="0" started-at="2020-08-25T15:48:34 IST" finished-at="2020-08-25T15:48:34 IST">
          <reporter-output>
          </reporter-output>
        </test-method> <!-- afterSuite -->
      </class> <!-- com.pom.apidemos.testcases.Flow1Test -->
      <class name="com.pom.apidemos.testcases.Flow2Test">
        <test-method status="PASS" signature="beforeClass()[pri:0, instance:com.pom.apidemos.testcases.Flow2Test@48974e45]" name="beforeClass" is-config="true" duration-ms="1" started-at="2020-08-25T15:48:14 IST" finished-at="2020-08-25T15:48:14 IST">
          <reporter-output>
          </reporter-output>
        </test-method> <!-- beforeClass -->
        <test-method status="PASS" signature="beforeMethod()[pri:0, instance:com.pom.apidemos.testcases.Flow2Test@48974e45]" name="beforeMethod" is-config="true" duration-ms="12579" started-at="2020-08-25T15:48:14 IST" finished-at="2020-08-25T15:48:26 IST">
          <reporter-output>
          </reporter-output>
        </test-method> <!-- beforeMethod -->
        <test-method status="FAIL" signature="flow2Test(org.testng.ITestContext)[pri:0, instance:com.pom.apidemos.testcases.Flow2Test@48974e45]" name="flow2Test" duration-ms="6275" started-at="2020-08-25T15:48:26 IST" finished-at="2020-08-25T15:48:33 IST">
          <params>
            <param index="0">
              <value>
                <![CDATA[org.testng.TestRunner@62fad19]]>
              </value>
            </param>
          </params>
          <exception class="java.lang.AssertionError">
            <message>
              <![CDATA[Expected Text Arnol is not equal to actual name Arnold expected [Arnol] but found [Arnold]]]>
            </message>
            <full-stacktrace>
              <![CDATA[java.lang.AssertionError: Expected Text Arnol is not equal to actual name Arnold expected [Arnol] but found [Arnold]
at org.testng.Assert.fail(Assert.java:97)
at org.testng.Assert.assertEqualsImpl(Assert.java:136)
at org.testng.Assert.assertEquals(Assert.java:118)
at org.testng.Assert.assertEquals(Assert.java:575)
at com.pom.apidemos.testcases.Flow2Test.flow2Test(Flow2Test.java:30)
at sun.reflect.NativeMethodAccessorImpl.invoke0(Native Method)
at sun.reflect.NativeMethodAccessorImpl.invoke(NativeMethodAccessorImpl.java:62)
at sun.reflect.DelegatingMethodAccessorImpl.invoke(DelegatingMethodAccessorImpl.java:43)
at java.lang.reflect.Method.invoke(Method.java:498)
at org.testng.internal.MethodInvocationHelper.invokeMethod(MethodInvocationHelper.java:134)
at org.testng.internal.TestInvoker.invokeMethod(TestInvoker.java:597)
at org.testng.internal.TestInvoker.invokeTestMethod(TestInvoker.java:173)
at org.testng.internal.MethodRunner.runInSequence(MethodRunner.java:46)
at org.testng.internal.TestInvoker$MethodInvocationAgent.invoke(TestInvoker.java:816)
at org.testng.internal.TestInvoker.invokeTestMethods(TestInvoker.java:146)
at org.testng.internal.TestMethodWorker.invokeTestMethods(TestMethodWorker.java:146)
at org.testng.internal.TestMethodWorker.run(TestMethodWorker.java:128)
at java.util.ArrayList.forEach(ArrayList.java:1257)
at org.testng.TestRunner.privateRun(TestRunner.java:766)
at org.testng.TestRunner.run(TestRunner.java:587)
at org.testng.SuiteRunner.runTest(SuiteRunner.java:384)
at org.testng.SuiteRunner.runSequentially(SuiteRunner.java:378)
at org.testng.SuiteRunner.privateRun(SuiteRunner.java:337)
at org.testng.SuiteRunner.run(SuiteRunner.java:286)
at org.testng.SuiteRunnerWorker.runSuite(SuiteRunnerWorker.java:53)
at org.testng.SuiteRunnerWorker.run(SuiteRunnerWorker.java:96)
at org.testng.TestNG.runSuitesSequentially(TestNG.java:1187)
at org.testng.TestNG.runSuitesLocally(TestNG.java:1109)
at org.testng.TestNG.runSuites(TestNG.java:1039)
at org.testng.TestNG.run(TestNG.java:1007)
at org.apache.maven.surefire.testng.TestNGExecutor.run(TestNGExecutor.java:284)
at org.apache.maven.surefire.testng.TestNGXmlTestSuite.execute(TestNGXmlTestSuite.java:75)
at org.apache.maven.surefire.testng.TestNGProvider.invoke(TestNGProvider.java:119)
at org.apache.maven.surefire.booter.ForkedBooter.runSuitesInProcess(ForkedBooter.java:428)
at org.apache.maven.surefire.booter.ForkedBooter.execute(ForkedBooter.java:162)
at org.apache.maven.surefire.booter.ForkedBooter.run(ForkedBooter.java:562)
at org.apache.maven.surefire.booter.ForkedBooter.main(ForkedBooter.java:548)
]]>
            </full-stacktrace>
          </exception> <!-- java.lang.AssertionError -->
          <reporter-output>
          </reporter-output>
        </test-method> <!-- flow2Test -->
        <test-method status="PASS" signature="afterMethod()[pri:0, instance:com.pom.apidemos.testcases.Flow2Test@48974e45]" name="afterMethod" is-config="true" duration-ms="709" started-at="2020-08-25T15:48:33 IST" finished-at="2020-08-25T15:48:34 IST">
          <reporter-output>
          </reporter-output>
        </test-method> <!-- afterMethod -->
        <test-method status="PASS" signature="afterClass()[pri:0, instance:com.pom.apidemos.testcases.Flow2Test@48974e45]" name="afterClass" is-config="true" duration-ms="22" started-at="2020-08-25T15:48:34 IST" finished-at="2020-08-25T15:48:34 IST">
          <reporter-output>
          </reporter-output>
        </test-method> <!-- afterClass -->
      </class> <!-- com.pom.apidemos.testcases.Flow2Test -->
    </test> <!-- ApiDemos Test1 -->
  </suite> <!-- AutomationTestSuite -->
</testng-results>
